Build started 2016-05-01 23:56:38.
     1>Project "C:\Users\Blyblyy\Desktop\TEST2\test1.vcxproj" on node 2 (Build target(s)).
     1>ClCompile:
         C:\Program Files (x86)\VC\bin\CL.exe /c /I\include /ZI /nologo /W3 /WX- /sdl /Od /Oy- /D WIN32 /D _DEBUG /D _CONSOLE /D _LIB /D _UNICODE /D UNICODE /Gm /EHsc /RTC1 /MDd /GS /fp:precise /Zc:wchar_t /Zc:forScope /Fo"Debug\\" /Fd"Debug\vc120.pdb" /Gd /TP /analyze- /errorReport:prompt main.cpp
         main.cpp
     1>c:\users\blyblyy\desktop\test2\main.cpp(21): fatal error C1083: Cannot open include file: 'opencv\cv.h': No such file or directory
     1>Done Building Project "C:\Users\Blyblyy\Desktop\TEST2\test1.vcxproj" (Build target(s)) -- FAILED.

Build FAILED.

Time Elapsed 00:00:00.06
